190726:00:02:22-[DEBUG]-trace here!
190726:00:02:26-[DEBUG]-Before crope 3:1024:2048
190726:00:02:26-[DEBUG]-3:480:640
190726:00:02:28-[INFO]-time = 1.10
190726:00:02:28-[DEBUG]-Before crope 3:1024:2048
190726:00:02:28-[DEBUG]-3:480:640
190726:00:02:29-[INFO]-time = 1.03
190726:00:02:29-[DEBUG]-Before crope 3:1024:2048
190726:00:02:29-[DEBUG]-3:480:640
190726:00:02:30-[INFO]-time = 1.03
190726:00:02:30-[DEBUG]-Before crope 3:1024:2048
190726:00:02:30-[DEBUG]-3:480:640
190726:00:02:31-[INFO]-time = 1.04
190726:00:02:32-[DEBUG]-Before crope 3:1024:2048
190726:00:02:32-[DEBUG]-3:480:640
190726:00:02:33-[INFO]-time = 1.05
190726:00:02:33-[DEBUG]-Before crope 3:1024:2048
190726:00:02:33-[DEBUG]-3:480:640
190726:00:02:34-[INFO]-time = 1.04
190726:00:02:34-[DEBUG]-Before crope 3:1024:2048
190726:00:02:34-[DEBUG]-3:480:640
190726:00:02:35-[INFO]-time = 1.04
190726:00:02:36-[DEBUG]-Before crope 3:1024:2048
190726:00:02:36-[DEBUG]-3:480:640
190726:00:02:37-[INFO]-time = 1.04
190726:00:02:37-[DEBUG]-Before crope 3:1024:2048
190726:00:02:37-[DEBUG]-3:480:640
190726:00:02:38-[INFO]-time = 1.04
190726:00:02:38-[DEBUG]-Before crope 3:1024:2048
190726:00:02:38-[DEBUG]-3:480:640
190726:00:02:39-[INFO]-time = 1.04
190726:00:02:40-[DEBUG]-Before crope 3:1024:2048
190726:00:02:40-[DEBUG]-3:480:640
190726:00:02:41-[INFO]-time = 1.04
190726:00:02:41-[DEBUG]-Before crope 3:1024:2048
190726:00:02:41-[DEBUG]-3:480:640
190726:00:02:42-[INFO]-time = 1.05
190726:00:02:42-[DEBUG]-Before crope 3:1024:2048
190726:00:02:42-[DEBUG]-3:480:640
190726:00:02:43-[INFO]-time = 1.05
190726:00:02:43-[DEBUG]-Before crope 3:1024:2048
190726:00:02:43-[DEBUG]-3:480:640
190726:00:02:45-[INFO]-time = 1.05
190726:00:02:45-[DEBUG]-Before crope 3:1024:2048
190726:00:02:45-[DEBUG]-3:480:640
190726:00:02:46-[INFO]-time = 1.05
190726:00:02:46-[DEBUG]-Before crope 3:1024:2048
190726:00:02:46-[DEBUG]-3:480:640
190726:00:02:47-[INFO]-time = 1.06
190726:00:02:47-[DEBUG]-Before crope 3:1024:2048
190726:00:02:47-[DEBUG]-3:480:640
190726:00:02:48-[INFO]-time = 1.04
190726:00:02:49-[DEBUG]-Before crope 3:1024:2048
190726:00:02:49-[DEBUG]-3:480:640
190726:00:02:50-[INFO]-time = 1.04
190726:00:02:50-[DEBUG]-Before crope 3:1024:2048
190726:00:02:50-[DEBUG]-3:480:640
190726:00:02:51-[INFO]-time = 1.05
190726:00:02:51-[DEBUG]-Before crope 3:1024:2048
190726:00:02:51-[DEBUG]-3:480:640
190726:00:02:52-[INFO]-time = 1.05
190726:00:02:53-[DEBUG]-Before crope 3:1024:2048
190726:00:02:53-[DEBUG]-3:480:640
190726:00:02:54-[INFO]-time = 1.05
190726:00:04:01-[DEBUG]-trace here!
190726:00:04:06-[DEBUG]-Before crope 3:1024:2048
190726:00:04:06-[DEBUG]-3:480:640
190726:00:04:07-[INFO]-time = 1.07
190726:00:04:07-[DEBUG]-Before crope 3:1024:2048
190726:00:04:07-[DEBUG]-3:480:640
190726:00:04:08-[INFO]-time = 1.03
190726:00:04:09-[DEBUG]-Before crope 3:1024:2048
190726:00:04:09-[DEBUG]-3:480:640
190726:00:04:10-[INFO]-time = 1.03
190726:00:04:10-[DEBUG]-Before crope 3:1024:2048
190726:00:04:10-[DEBUG]-3:480:640
190726:00:04:11-[INFO]-time = 1.04
190726:00:04:11-[DEBUG]-Before crope 3:1024:2048
190726:00:04:11-[DEBUG]-3:480:640
190726:00:04:12-[INFO]-time = 1.03
190726:00:04:13-[DEBUG]-Before crope 3:1024:2048
190726:00:04:13-[DEBUG]-3:480:640
190726:00:04:14-[INFO]-time = 1.03
190726:00:04:14-[DEBUG]-Before crope 3:1024:2048
190726:00:04:14-[DEBUG]-3:480:640
190726:00:04:15-[INFO]-time = 1.03
190726:00:04:15-[DEBUG]-Before crope 3:1024:2048
190726:00:04:15-[DEBUG]-3:480:640
190726:00:04:16-[INFO]-time = 1.03
190726:00:04:17-[DEBUG]-Before crope 3:1024:2048
190726:00:04:17-[DEBUG]-3:480:640
190726:00:04:18-[INFO]-time = 1.04
190726:00:04:18-[DEBUG]-Before crope 3:1024:2048
190726:00:04:18-[DEBUG]-3:480:640
190726:00:04:19-[INFO]-time = 1.03
190726:00:04:19-[DEBUG]-Before crope 3:1024:2048
190726:00:04:19-[DEBUG]-3:480:640
190726:00:04:20-[INFO]-time = 1.04
190726:00:04:20-[DEBUG]-Before crope 3:1024:2048
190726:00:04:20-[DEBUG]-3:480:640
190726:00:04:21-[INFO]-time = 1.04
190726:00:04:22-[DEBUG]-Before crope 3:1024:2048
190726:00:04:22-[DEBUG]-3:480:640
190726:00:04:23-[INFO]-time = 1.04
190726:00:04:23-[DEBUG]-Before crope 3:1024:2048
190726:00:04:23-[DEBUG]-3:480:640
190726:00:04:24-[INFO]-time = 1.04
190726:00:04:24-[DEBUG]-Before crope 3:1024:2048
190726:00:04:24-[DEBUG]-3:480:640
190726:00:04:25-[INFO]-time = 1.04
190726:00:04:26-[DEBUG]-Before crope 3:1024:2048
190726:00:04:26-[DEBUG]-3:480:640
190726:00:04:27-[INFO]-time = 1.06
190726:00:04:27-[DEBUG]-Before crope 3:1024:2048
190726:00:04:27-[DEBUG]-3:480:640
190726:00:04:28-[INFO]-time = 1.06
190726:00:04:28-[DEBUG]-Before crope 3:1024:2048
190726:00:04:28-[DEBUG]-3:480:640
190726:00:04:29-[INFO]-time = 1.05
190726:00:04:30-[DEBUG]-Before crope 3:1024:2048
190726:00:04:30-[DEBUG]-3:480:640
190726:00:04:31-[INFO]-time = 1.05
190726:00:04:31-[DEBUG]-Before crope 3:1024:2048
190726:00:04:31-[DEBUG]-3:480:640
190726:00:04:32-[INFO]-time = 1.05
190726:00:04:32-[DEBUG]-Before crope 3:1024:2048
190726:00:04:32-[DEBUG]-3:480:640
190726:00:04:33-[INFO]-time = 1.05
190726:00:05:20-[DEBUG]-Before crope 3:1024:2048
190726:00:05:20-[DEBUG]-3:480:640
190726:00:05:21-[INFO]-time = 1.06
190726:00:05:21-[DEBUG]-Before crope 3:1024:2048
190726:00:05:21-[DEBUG]-3:480:640
190726:00:05:22-[INFO]-time = 1.04
190726:00:05:22-[DEBUG]-Before crope 3:1024:2048
190726:00:05:22-[DEBUG]-3:480:640
190726:00:05:23-[INFO]-time = 1.03
190726:00:05:24-[DEBUG]-Before crope 3:1024:2048
190726:00:05:24-[DEBUG]-3:480:640
190726:00:05:25-[INFO]-time = 1.04
190726:00:05:25-[DEBUG]-Before crope 3:1024:2048
190726:00:05:25-[DEBUG]-3:480:640
190726:00:05:26-[INFO]-time = 1.04
190726:00:05:26-[DEBUG]-Before crope 3:1024:2048
190726:00:05:26-[DEBUG]-3:480:640
190726:00:05:27-[INFO]-time = 1.04
190726:00:05:28-[DEBUG]-Before crope 3:1024:2048
190726:00:05:28-[DEBUG]-3:480:640
190726:00:05:29-[INFO]-time = 1.04
190726:00:05:29-[DEBUG]-Before crope 3:1024:2048
190726:00:05:29-[DEBUG]-3:480:640
190726:00:05:30-[INFO]-time = 1.01
190726:00:05:30-[DEBUG]-Before crope 3:1024:2048
190726:00:05:30-[DEBUG]-3:480:640
190726:00:05:31-[INFO]-time = 0.99
190726:00:05:31-[DEBUG]-Before crope 3:1024:2048
190726:00:05:31-[DEBUG]-3:480:640
190726:00:05:32-[INFO]-time = 0.99
190726:00:05:33-[DEBUG]-Before crope 3:1024:2048
190726:00:05:33-[DEBUG]-3:480:640
190726:00:05:34-[INFO]-time = 0.99
190726:00:05:34-[DEBUG]-Before crope 3:1024:2048
190726:00:05:34-[DEBUG]-3:480:640
190726:00:05:35-[INFO]-time = 0.99
190726:00:05:35-[DEBUG]-Before crope 3:1024:2048
190726:00:05:35-[DEBUG]-3:480:640
190726:00:05:36-[INFO]-time = 0.99
190726:00:05:36-[DEBUG]-Before crope 3:1024:2048
190726:00:05:36-[DEBUG]-3:480:640
190726:00:05:37-[INFO]-time = 1.00
190726:00:05:37-[DEBUG]-Before crope 3:1024:2048
190726:00:05:37-[DEBUG]-3:480:640
190726:00:05:39-[INFO]-time = 1.06
190726:00:05:39-[DEBUG]-Before crope 3:1024:2048
190726:00:05:39-[DEBUG]-3:480:640
190726:00:05:40-[INFO]-time = 1.07
190726:00:05:40-[DEBUG]-Before crope 3:1024:2048
190726:00:05:40-[DEBUG]-3:480:640
190726:00:05:41-[INFO]-time = 1.05
190726:00:05:41-[DEBUG]-Before crope 3:1024:2048
190726:00:05:41-[DEBUG]-3:480:640
190726:00:05:43-[INFO]-time = 1.04
190726:00:05:43-[DEBUG]-Before crope 3:1024:2048
190726:00:05:43-[DEBUG]-3:480:640
190726:00:05:44-[INFO]-time = 1.04
190726:00:05:44-[DEBUG]-Before crope 3:1024:2048
190726:00:05:44-[DEBUG]-3:480:640
190726:00:05:45-[INFO]-time = 1.03
190726:00:05:45-[DEBUG]-Before crope 3:1024:2048
190726:00:05:45-[DEBUG]-3:480:640
190726:00:05:46-[INFO]-time = 1.03
190726:00:06:15-[DEBUG]-Before crope 3:1024:2048
190726:00:06:15-[DEBUG]-3:480:640
190726:00:06:16-[INFO]-time = 1.07
time = 1.07
190726:00:06:17-[DEBUG]-Before crope 3:1024:2048
190726:00:06:17-[DEBUG]-3:480:640
190726:00:06:18-[INFO]-time = 1.03
time = 1.03
190726:00:06:18-[DEBUG]-Before crope 3:1024:2048
190726:00:06:18-[DEBUG]-3:480:640
190726:00:06:19-[INFO]-time = 1.04
time = 1.04
190726:00:06:19-[DEBUG]-Before crope 3:1024:2048
190726:00:06:19-[DEBUG]-3:480:640
190726:00:06:20-[INFO]-time = 1.03
time = 1.03
190726:00:06:20-[DEBUG]-Before crope 3:1024:2048
190726:00:06:20-[DEBUG]-3:480:640
190726:00:06:22-[INFO]-time = 1.04
time = 1.04
190726:00:06:22-[DEBUG]-Before crope 3:1024:2048
190726:00:06:22-[DEBUG]-3:480:640
190726:00:06:23-[INFO]-time = 1.04
time = 1.04
190726:00:06:23-[DEBUG]-Before crope 3:1024:2048
190726:00:06:23-[DEBUG]-3:480:640
190726:00:06:24-[INFO]-time = 1.03
time = 1.03
190726:00:06:24-[DEBUG]-Before crope 3:1024:2048
190726:00:06:24-[DEBUG]-3:480:640
190726:00:06:25-[INFO]-time = 1.03
time = 1.03
190726:00:06:26-[DEBUG]-Before crope 3:1024:2048
190726:00:06:26-[DEBUG]-3:480:640
190726:00:06:27-[INFO]-time = 1.04
time = 1.04
190726:00:06:27-[DEBUG]-Before crope 3:1024:2048
190726:00:06:27-[DEBUG]-3:480:640
190726:00:06:28-[INFO]-time = 1.03
time = 1.03
190726:00:06:28-[DEBUG]-Before crope 3:1024:2048
190726:00:06:28-[DEBUG]-3:480:640
190726:00:06:29-[INFO]-time = 1.05
time = 1.05
190726:00:06:30-[DEBUG]-Before crope 3:1024:2048
190726:00:06:30-[DEBUG]-3:480:640
190726:00:06:31-[INFO]-time = 1.05
time = 1.05
190726:00:06:31-[DEBUG]-Before crope 3:1024:2048
190726:00:06:31-[DEBUG]-3:480:640
190726:00:06:32-[INFO]-time = 1.05
time = 1.05
190726:00:06:32-[DEBUG]-Before crope 3:1024:2048
190726:00:06:32-[DEBUG]-3:480:640
190726:00:06:33-[INFO]-time = 1.04
time = 1.04
190726:00:06:33-[DEBUG]-Before crope 3:1024:2048
190726:00:06:33-[DEBUG]-3:480:640
190726:00:06:34-[INFO]-time = 1.04
time = 1.04
190726:00:06:35-[DEBUG]-Before crope 3:1024:2048
190726:00:06:35-[DEBUG]-3:480:640
190726:00:06:36-[INFO]-time = 1.04
time = 1.04
190726:00:06:36-[DEBUG]-Before crope 3:1024:2048
190726:00:06:36-[DEBUG]-3:480:640
190726:00:06:37-[INFO]-time = 1.04
time = 1.04
190726:00:06:37-[DEBUG]-Before crope 3:1024:2048
190726:00:06:37-[DEBUG]-3:480:640
190726:00:06:38-[INFO]-time = 1.04
time = 1.04
190726:00:06:39-[DEBUG]-Before crope 3:1024:2048
190726:00:06:39-[DEBUG]-3:480:640
190726:00:06:40-[INFO]-time = 1.04
time = 1.04
190726:00:06:40-[DEBUG]-Before crope 3:1024:2048
190726:00:06:40-[DEBUG]-3:480:640
190726:00:06:41-[INFO]-time = 1.04
time = 1.04
190726:00:06:41-[DEBUG]-Before crope 3:1024:2048
190726:00:06:41-[DEBUG]-3:480:640
190726:00:06:42-[INFO]-time = 1.04
time = 1.04
190726:00:09:50-[DEBUG]-Before crope 3:1024:2048
190726:00:09:50-[DEBUG]-3:480:640
190726:00:09:51-[INFO]-time = 1.06
190726:00:09:51-[DEBUG]-Before crope 3:1024:2048
190726:00:09:51-[DEBUG]-3:480:640
190726:00:09:52-[INFO]-time = 1.02
190726:00:09:52-[DEBUG]-Before crope 3:1024:2048
190726:00:09:52-[DEBUG]-3:480:640
190726:00:09:53-[INFO]-time = 1.03
190726:00:09:54-[DEBUG]-Before crope 3:1024:2048
190726:00:09:54-[DEBUG]-3:480:640
190726:00:09:55-[INFO]-time = 1.03
190726:00:09:55-[DEBUG]-Before crope 3:1024:2048
190726:00:09:55-[DEBUG]-3:480:640
190726:00:09:56-[INFO]-time = 1.03
190726:00:09:56-[DEBUG]-Before crope 3:1024:2048
190726:00:09:56-[DEBUG]-3:480:640
190726:00:09:57-[INFO]-time = 1.03
190726:00:09:57-[DEBUG]-Before crope 3:1024:2048
190726:00:09:57-[DEBUG]-3:480:640
190726:00:09:58-[INFO]-time = 1.03
190726:00:09:59-[DEBUG]-Before crope 3:1024:2048
190726:00:09:59-[DEBUG]-3:480:640
190726:00:10:00-[INFO]-time = 1.03
190726:00:10:00-[DEBUG]-Before crope 3:1024:2048
190726:00:10:00-[DEBUG]-3:480:640
190726:00:10:01-[INFO]-time = 1.04
190726:00:10:01-[DEBUG]-Before crope 3:1024:2048
190726:00:10:01-[DEBUG]-3:480:640
THCudaCheck FAIL file=/pytorch/aten/src/THC/THCGeneral.cpp line=383 error=11 : invalid argument
/home/huyhv/.virtualenvs/envPy2DL/local/lib/python2.7/site-packages/torch/nn/functional.py:2457: UserWarning: nn.functional.upsample is deprecated. Use nn.functional.interpolate instead.
  warnings.warn("nn.functional.upsample is deprecated. Use nn.functional.interpolate instead.")
/home/huyhv/.virtualenvs/envPy2DL/local/lib/python2.7/site-packages/torch/nn/functional.py:2539: UserWarning: Default upsampling behavior when mode=bilinear is changed to align_corners=False since 0.4.0. Please specify align_corners=True if the old behavior is desired. See the documentation of nn.Upsample for details.
  "See the documentation of nn.Upsample for details.".format(mode))
/home/huyhv/.virtualenvs/envPy2DL/local/lib/python2.7/site-packages/torch/nn/functional.py:2539: UserWarning: Default upsampling behavior when mode=trilinear is changed to align_corners=False since 0.4.0. Please specify align_corners=True if the old behavior is desired. See the documentation of nn.Upsample for details.
  "See the documentation of nn.Upsample for details.".format(mode))
190726:00:13:27-[DEBUG]-Before crope 3:1024:2048
190726:00:13:27-[DEBUG]-3:480:640
190726:00:13:28-[INFO]-time = 1.05
190726:00:13:28-[DEBUG]-Before crope 3:1024:2048
190726:00:13:28-[DEBUG]-3:480:640
190726:00:13:29-[INFO]-time = 1.02
190726:00:13:29-[DEBUG]-Before crope 3:1024:2048
190726:00:13:29-[DEBUG]-3:480:640
190726:00:13:30-[INFO]-time = 1.02
190726:00:13:30-[DEBUG]-Before crope 3:1024:2048
190726:00:13:30-[DEBUG]-3:480:640
190726:00:13:31-[INFO]-time = 1.02
190726:00:13:32-[DEBUG]-Before crope 3:1024:2048
190726:00:13:32-[DEBUG]-3:480:640
190726:00:13:33-[INFO]-time = 1.02
190726:00:13:33-[DEBUG]-Before crope 3:1024:2048
190726:00:13:33-[DEBUG]-3:480:640
190726:00:13:34-[INFO]-time = 1.02
190726:00:13:34-[DEBUG]-Before crope 3:1024:2048
190726:00:13:34-[DEBUG]-3:480:640
190726:00:13:35-[INFO]-time = 1.02
190726:00:13:35-[DEBUG]-Before crope 3:1024:2048
190726:00:13:35-[DEBUG]-3:480:640
190726:00:13:36-[INFO]-time = 1.02
190726:00:13:37-[DEBUG]-Before crope 3:1024:2048
190726:00:13:37-[DEBUG]-3:480:640
190726:00:13:38-[INFO]-time = 1.02
190726:00:13:38-[DEBUG]-Before crope 3:1024:2048
190726:00:13:38-[DEBUG]-3:480:640
190726:00:13:39-[INFO]-time = 1.02
190726:00:13:39-[DEBUG]-Before crope 3:1024:2048
190726:00:13:39-[DEBUG]-3:480:640
190726:00:13:40-[INFO]-time = 1.03
190726:00:13:41-[DEBUG]-Before crope 3:1024:2048
190726:00:13:41-[DEBUG]-3:480:640
190726:00:13:42-[INFO]-time = 1.03
190726:00:13:42-[DEBUG]-Before crope 3:1024:2048
190726:00:13:42-[DEBUG]-3:480:640
190726:00:13:43-[INFO]-time = 1.03
190726:00:13:43-[DEBUG]-Before crope 3:1024:2048
190726:00:13:43-[DEBUG]-3:480:640
190726:00:13:44-[INFO]-time = 1.03
190726:00:13:44-[DEBUG]-Before crope 3:1024:2048
190726:00:13:44-[DEBUG]-3:480:640
190726:00:13:45-[INFO]-time = 1.03
190726:00:13:46-[DEBUG]-Before crope 3:1024:2048
190726:00:13:46-[DEBUG]-3:480:640
190726:00:13:47-[INFO]-time = 1.03
190726:00:13:47-[DEBUG]-Before crope 3:1024:2048
190726:00:13:47-[DEBUG]-3:480:640
190726:00:13:48-[INFO]-time = 1.04
190726:00:13:48-[DEBUG]-Before crope 3:1024:2048
190726:00:13:48-[DEBUG]-3:480:640
190726:00:13:49-[INFO]-time = 1.03
190726:00:13:50-[DEBUG]-Before crope 3:1024:2048
190726:00:13:50-[DEBUG]-3:480:640
190726:00:13:51-[INFO]-time = 1.03
190726:00:13:51-[DEBUG]-Before crope 3:1024:2048
190726:00:13:51-[DEBUG]-3:480:640
190726:00:13:52-[INFO]-time = 1.03
190726:00:13:52-[DEBUG]-Before crope 3:1024:2048
190726:00:13:52-[DEBUG]-3:480:640
190726:00:13:53-[INFO]-time = 1.04
190726:00:15:36-[DEBUG]-Before crope 3:1024:2048
190726:00:15:36-[DEBUG]-3:480:640
190726:00:15:37-[INFO]-time = 1.04
190726:00:15:37-[DEBUG]-Before crope 3:1024:2048
190726:00:15:37-[DEBUG]-3:480:640
190726:00:15:38-[INFO]-time = 1.02
190726:00:15:39-[DEBUG]-Before crope 3:1024:2048
190726:00:15:39-[DEBUG]-3:480:640
190726:00:15:40-[INFO]-time = 1.02
190726:00:15:40-[DEBUG]-Before crope 3:1024:2048
190726:00:15:40-[DEBUG]-3:480:640
190726:00:15:41-[INFO]-time = 1.02
190726:00:15:41-[DEBUG]-Before crope 3:1024:2048
190726:00:15:41-[DEBUG]-3:480:640
190726:00:15:42-[INFO]-time = 1.02
190726:00:15:42-[DEBUG]-Before crope 3:1024:2048
190726:00:15:42-[DEBUG]-3:480:640
190726:00:15:43-[INFO]-time = 1.02
190726:00:15:44-[DEBUG]-Before crope 3:1024:2048
190726:00:15:44-[DEBUG]-3:480:640
190726:00:15:45-[INFO]-time = 1.02
190726:00:15:45-[DEBUG]-Before crope 3:1024:2048
190726:00:15:45-[DEBUG]-3:480:640
190726:00:15:46-[INFO]-time = 1.02
190726:00:15:46-[DEBUG]-Before crope 3:1024:2048
190726:00:15:46-[DEBUG]-3:480:640
190726:00:15:47-[INFO]-time = 1.02
190726:00:15:47-[DEBUG]-Before crope 3:1024:2048
190726:00:15:47-[DEBUG]-3:480:640
190726:00:15:48-[INFO]-time = 1.02
190726:00:15:49-[DEBUG]-Before crope 3:1024:2048
190726:00:15:49-[DEBUG]-3:480:640
190726:00:15:50-[INFO]-time = 1.02
190726:00:15:50-[DEBUG]-Before crope 3:1024:2048
190726:00:15:50-[DEBUG]-3:480:640
190726:00:15:51-[INFO]-time = 1.03
190726:00:15:51-[DEBUG]-Before crope 3:1024:2048
190726:00:15:51-[DEBUG]-3:480:640
190726:00:15:52-[INFO]-time = 1.04
190726:00:15:52-[DEBUG]-Before crope 3:1024:2048
190726:00:15:52-[DEBUG]-3:480:640
190726:00:15:54-[INFO]-time = 1.04
190726:00:15:54-[DEBUG]-Before crope 3:1024:2048
190726:00:15:54-[DEBUG]-3:480:640
190726:00:15:55-[INFO]-time = 1.04
190726:00:15:55-[DEBUG]-Before crope 3:1024:2048
190726:00:15:55-[DEBUG]-3:480:640
190726:00:15:56-[INFO]-time = 1.04
190726:00:15:56-[DEBUG]-Before crope 3:1024:2048
190726:00:15:56-[DEBUG]-3:480:640
190726:00:15:57-[INFO]-time = 1.04
190726:00:15:58-[DEBUG]-Before crope 3:1024:2048
190726:00:15:58-[DEBUG]-3:480:640
190726:00:15:59-[INFO]-time = 1.04
190726:00:15:59-[DEBUG]-Before crope 3:1024:2048
190726:00:15:59-[DEBUG]-3:480:640
190726:00:16:00-[INFO]-time = 1.04
190726:00:16:00-[DEBUG]-Before crope 3:1024:2048
190726:00:16:00-[DEBUG]-3:480:640
190726:00:16:01-[INFO]-time = 1.04
190726:00:16:01-[DEBUG]-Before crope 3:1024:2048
190726:00:16:01-[DEBUG]-3:480:640
190726:00:16:02-[INFO]-time = 1.03
THCudaCheck FAIL file=/pytorch/aten/src/THC/THCGeneral.cpp line=383 error=11 : invalid argument
/home/huyhv/.virtualenvs/envPy2DL/local/lib/python2.7/site-packages/torch/nn/functional.py:2457: UserWarning: nn.functional.upsample is deprecated. Use nn.functional.interpolate instead.
  warnings.warn("nn.functional.upsample is deprecated. Use nn.functional.interpolate instead.")
/home/huyhv/.virtualenvs/envPy2DL/local/lib/python2.7/site-packages/torch/nn/functional.py:2539: UserWarning: Default upsampling behavior when mode=bilinear is changed to align_corners=False since 0.4.0. Please specify align_corners=True if the old behavior is desired. See the documentation of nn.Upsample for details.
  "See the documentation of nn.Upsample for details.".format(mode))
/home/huyhv/.virtualenvs/envPy2DL/local/lib/python2.7/site-packages/torch/nn/functional.py:2539: UserWarning: Default upsampling behavior when mode=trilinear is changed to align_corners=False since 0.4.0. Please specify align_corners=True if the old behavior is desired. See the documentation of nn.Upsample for details.
  "See the documentation of nn.Upsample for details.".format(mode))
190726:00:18:16-[DEBUG]-Before crope 3:1024:2048
190726:00:18:16-[DEBUG]-3:480:640
190726:00:18:17-[INFO]-time = 1.05
190726:00:18:17-[DEBUG]-Before crope 3:1024:2048
190726:00:18:17-[DEBUG]-3:480:640
190726:00:18:18-[INFO]-time = 1.03
190726:00:18:19-[DEBUG]-Before crope 3:1024:2048
190726:00:18:19-[DEBUG]-3:480:640
190726:00:18:20-[INFO]-time = 1.03
190726:00:18:20-[DEBUG]-Before crope 3:1024:2048
190726:00:18:20-[DEBUG]-3:480:640
190726:00:18:21-[INFO]-time = 1.03
190726:00:18:21-[DEBUG]-Before crope 3:1024:2048
190726:00:18:21-[DEBUG]-3:480:640
190726:00:18:22-[INFO]-time = 1.03
190726:00:18:22-[DEBUG]-Before crope 3:1024:2048
190726:00:18:22-[DEBUG]-3:480:640
190726:00:18:23-[INFO]-time = 1.02
190726:00:18:24-[DEBUG]-Before crope 3:1024:2048
190726:00:18:24-[DEBUG]-3:480:640
190726:00:18:25-[INFO]-time = 1.03
190726:00:18:25-[DEBUG]-Before crope 3:1024:2048
190726:00:18:25-[DEBUG]-3:480:640
190726:00:18:26-[INFO]-time = 1.03
190726:00:18:26-[DEBUG]-Before crope 3:1024:2048
190726:00:18:26-[DEBUG]-3:480:640
190726:00:18:27-[INFO]-time = 1.03
190726:00:18:27-[DEBUG]-Before crope 3:1024:2048
190726:00:18:27-[DEBUG]-3:480:640
190726:00:18:28-[INFO]-time = 1.04
190726:00:18:29-[DEBUG]-Before crope 3:1024:2048
190726:00:18:29-[DEBUG]-3:480:640
190726:00:18:30-[INFO]-time = 1.03
190726:00:18:30-[DEBUG]-Before crope 3:1024:2048
190726:00:18:30-[DEBUG]-3:480:640
190726:00:18:31-[INFO]-time = 1.04
190726:00:18:31-[DEBUG]-Before crope 3:1024:2048
190726:00:18:31-[DEBUG]-3:480:640
190726:00:18:32-[INFO]-time = 1.05
190726:00:18:33-[DEBUG]-Before crope 3:1024:2048
190726:00:18:33-[DEBUG]-3:480:640
190726:00:18:34-[INFO]-time = 1.04
190726:00:18:34-[DEBUG]-Before crope 3:1024:2048
190726:00:18:34-[DEBUG]-3:480:640
190726:00:18:35-[INFO]-time = 1.04
190726:00:18:35-[DEBUG]-Before crope 3:1024:2048
190726:00:18:35-[DEBUG]-3:480:640
190726:00:18:36-[INFO]-time = 1.04
190726:00:18:36-[DEBUG]-Before crope 3:1024:2048
190726:00:18:36-[DEBUG]-3:480:640
190726:00:18:37-[INFO]-time = 1.04
190726:00:18:38-[DEBUG]-Before crope 3:1024:2048
190726:00:18:38-[DEBUG]-3:480:640
190726:00:18:39-[INFO]-time = 1.04
190726:00:18:39-[DEBUG]-Before crope 3:1024:2048
190726:00:18:39-[DEBUG]-3:480:640
190726:00:18:40-[INFO]-time = 1.04
190726:00:18:40-[DEBUG]-Before crope 3:1024:2048
190726:00:18:40-[DEBUG]-3:480:640
190726:00:18:41-[INFO]-time = 1.04
190726:00:18:42-[DEBUG]-Before crope 3:1024:2048
190726:00:18:42-[DEBUG]-3:480:640
190726:00:18:43-[INFO]-time = 1.04
